"../../../Engine/Content/EditorResources/S_Actor.uasset" 0
"../../../Engine/Content/EngineFonts/Roboto.uasset" 1
"../../../Engine/Content/Functions/Engine_MaterialFunctions01/Shading/PowerToRoughness.uasset" 2
"../../../Engine/Content/Functions/Engine_MaterialFunctions01/Shading/ConvertFromDiffSpec.uasset" 3
"../../../Engine/Content/EngineMaterials/DefaultDiffuse.uasset" 4
"../../../Engine/Content/EngineMaterials/DefaultDeferredDecalMaterial.uasset" 5
"../../../Engine/Content/EngineMaterials/DefaultLightFunctionMaterial.uasset" 6
"../../../Engine/Content/Functions/Engine_MaterialFunctions02/Utility/BreakOutFloat2Components.uasset" 7
"../../../Engine/Content/EngineMaterials/DefaultPostProcessMaterial.uasset" 8
"../../../Engine/Content/EngineResources/DefaultTexture.uasset" 9
"../../../Engine/Content/Functions/Engine_MaterialFunctions01/Texturing/ScaleUVsByCenter.uasset" 10
"../../../Engine/Content/Functions/Engine_MaterialFunctions02/ScreenResolution.uasset" 11
"../../../Engine/Content/Functions/Engine_MaterialFunctions02/Texturing/ScreenAlignedUVs.uasset" 12
"../../../Engine/Content/EngineResources/WhiteSquareTexture.uasset" 13
"../../../Engine/Content/EngineMaterials/Widget3DPassThrough.uasset" 14
"../../../Engine/Content/EngineMaterials/Widget3DPassThrough_Translucent.uasset" 15
"../../../Engine/Content/EngineMaterials/Widget3DPassThrough_Translucent_OneSided.uasset" 16
"../../../Engine/Content/EngineMaterials/Widget3DPassThrough_Opaque.uasset" 17
"../../../Engine/Content/EngineMaterials/Widget3DPassThrough_Opaque_OneSided.uasset" 18
"../../../Engine/Content/EngineMaterials/Widget3DPassThrough_Masked.uasset" 19
"../../../Engine/Content/EngineMaterials/Widget3DPassThrough_Masked_OneSided.uasset" 20
"../../../Engine/Content/EngineResources/AICON-Red.uasset" 21
"../../../Engine/Content/EngineResources/AICON-Green.uasset" 22
"../../../Engine/Content/Maps/Templates/Thumbnails/Default.uasset" 23
"../../../Engine/Content/Maps/Templates/Thumbnails/VR-Basic.uasset" 24
"../../../Engine/Content/EditorMaterials/ParticleSystems/PSysThumbnail_NoImage.uasset" 25
"../../../Engine/Content/EditorMaterials/ParticleSystems/PSysThumbnail_OOD.uasset" 26
"../../../Engine/Content/EditorLandscapeResources/DataLayer.uasset" 27
"../../../Engine/Content/EngineDamageTypes/DmgTypeBP_Environmental.uasset" 28
"../../../Engine/Content/EngineMeshes/Sphere.uasset" 29
"../../../Engine/Content/EngineFonts/RobotoDistanceField.uasset" 30
"../../../Engine/Content/EngineMaterials/DefaultTextMaterialOpaque.uasset" 31
"../../../Engine/Content/EditorResources/S_Trigger.uasset" 32
"../../../Engine/Content/EngineResources/GradientTexture0.uasset" 33
"../../../Engine/Content/EngineResources/Black.uasset" 34
"../../../Engine/Content/EditorMaterials/MatineeGroups/MAT_Groups_Float.uasset" 35
"../../../Engine/Content/EditorMaterials/MatineeGroups/MAT_Groups_Director.uasset" 36
"../../../Engine/Content/EditorMaterials/MatineeGroups/MAT_Groups_Event.uasset" 37
"../../../Engine/Content/EditorMaterials/MatineeGroups/MAT_Groups_Anim.uasset" 38
"../../../Engine/Content/EditorMaterials/MatineeGroups/MAT_Groups_Fade.uasset" 39
"../../../Engine/Content/EditorMaterials/MatineeGroups/MAT_Groups_Move.uasset" 40
"../../../Engine/Content/EditorMaterials/MatineeGroups/MAT_Groups_Slomo.uasset" 41
"../../../Engine/Content/EditorMaterials/MatineeGroups/MAT_ColorTrack.uasset" 42
"../../../Engine/Content/EditorMaterials/MAT_Groups_Toggle.uasset" 43
"../../../Engine/Content/EditorMaterials/MatineeGroups/MAT_Groups_AudioMaster.uasset" 44
"../../../Engine/Content/EditorMaterials/MatineeGroups/MAT_Groups_Sound.uasset" 45
"../../../Engine/Content/EditorMaterials/MatineeGroups/MAT_Groups_Vector.uasset" 46
"../../../Engine/Content/EditorMaterials/MAT_Groups_Visibility.uasset" 47
"../../../Engine/Content/EngineResources/DefaultTextureCube.uasset" 48
"../../../Engine/Content/Functions/Engine_MaterialFunctions01/Opacity/CameraDepthFade.uasset" 49
"../../../Engine/Content/EngineMaterials/T_Default_Material_Grid_M.uasset" 50
"../../../Engine/Content/EngineMaterials/T_Default_Material_Grid_N.uasset" 51
"../../../Engine/Content/EngineMaterials/DefaultMaterial.uasset" 52
"../../../Engine/Content/EngineMeshes/Cylinder.uasset" 53
"../../../Engine/Content/EngineTireTypes/DefaultTireType.uasset" 54
"../../../Engine/Content/EditorMaterials/Camera/CineMat.uasset" 55
"../../../Engine/Content/EditorMaterials/Camera/MI_CineMat_Rig.uasset" 56
"../../../Engine/Content/EditorMeshes/Camera/SM_CraneRig_Base.uasset" 57
"../../../Engine/Content/EditorMeshes/Camera/SM_CraneRig_Arm.uasset" 58
"../../../Engine/Content/EditorMeshes/Camera/SM_CraneRig_Mount.uasset" 59
"../../../Engine/Content/EditorMeshes/Camera/SM_CraneRig_Body.uasset" 60
"../../../Engine/Content/EditorMeshes/Camera/SM_RailRig_Track.uasset" 61
"../../../Engine/Content/EditorMeshes/Camera/SM_RailRig_Mount.uasset" 62
"../../../Engine/Content/VREditor/LaserPointer/VR_LaserPower_01.uasset" 63
"../../../Engine/Content/VREditor/TransformGizmo/TransformGizmoMaterial.uasset" 64
"../../../Engine/Content/VREditor/TransformGizmo/TranslucentTransformGizmoMaterial.uasset" 65
"../../../Engine/Content/VREditor/TransformGizmo/TranslationHandle.uasset" 66
"../../../Engine/Content/VREditor/TransformGizmo/PlaneTranslationHandle.uasset" 67
"../../../Engine/Content/VREditor/TransformGizmo/RotationHandle.uasset" 68
"../../../Engine/Content/VREditor/TransformGizmo/StretchingHandle.uasset" 69
"../../../Engine/Content/VREditor/TransformGizmo/BoundingBoxCorner.uasset" 70
"../../../Engine/Content/VREditor/TransformGizmo/BoundingBoxEdge.uasset" 71
"../../../Engine/Content/VREditor/TransformGizmo/UniformScaleHandle.uasset" 72
"../../../Engine/Content/VREditor/FloatingText/LineMaterial.uasset" 73
"../../../Engine/Content/VREditor/FloatingText/LineSegmentCylinder.uasset" 74
"../../../Engine/Content/VREditor/FloatingText/JointSphere.uasset" 75
"../../../Engine/Content/VREditor/Fonts/VRText_RobotoLarge.uasset" 76
"../../../Engine/Content/VREditor/Fonts/VRTextMaterial.uasset" 77
"../../../Engine/Content/VREditor/Fonts/TranslucentVRTextMaterial.uasset" 78
"../../../Engine/Content/VREditor/UI/SelectionBarMesh.uasset" 79
"../../../Engine/Content/VREditor/UI/CloseButtonMesh.uasset" 80
"../../../Engine/Content/Tutorial/Basics/TutorialAssets/icon_tab_Levels_40x.uasset" 81
"../../../Engine/Content/Tutorial/ContentIntroCurve.uasset" 82
"../../../Engine/Plugins/2D/Paper2D/Content/PlaceholderTextures/DummySpriteTexture.uasset" 83
"../../../Engine/Plugins/2D/Paper2D/Content/DefaultSpriteMaterial.uasset" 84
"../../../Engine/Plugins/2D/Paper2D/Content/MaskedUnlitSpriteMaterial.uasset" 85
"../../../Engine/Plugins/2D/Paper2D/Content/OpaqueUnlitSpriteMaterial.uasset" 86
"../../../Engine/Plugins/2D/Paper2D/Content/DummySprite.uasset" 87
"../../../Engine/Plugins/2D/Paper2D/Content/DefaultPaperTerrainMaterial.uasset" 88
"../../../Engine/Content/EngineMaterials/RemoveSurfaceMaterial.uasset" 89
"../../../Engine/Content/EngineDebugMaterials/DebugMeshMaterial.uasset" 90
"../../../Engine/Content/EngineMaterials/InvalidLightmapSettings.uasset" 91
"../../../Engine/Content/EngineMaterials/M_InvalidLightmapSettings.uasset" 92
"../../../Engine/Content/EditorMaterials/GizmoMaterial.uasset" 93
"../../../Engine/Content/EngineMaterials/Good64x64TilingNoiseHighFreq.uasset" 94
"../../../Engine/Content/EngineMaterials/DefaultBokeh.uasset" 95
"../../../Engine/Content/EngineMaterials/PreintegratedSkinBRDF.uasset" 96
"../../../Engine/Content/EngineMaterials/MiniFont.uasset" 97
"../../../Engine/Content/EngineMaterials/WeightMapPlaceholderTexture.uasset" 98
"../../../Engine/Content/EngineMaterials/DefaultWhiteGrid.uasset" 99
"../../../Engine/Content/EngineFonts/RobotoTiny.uasset" 100
"../../../Engine/Content/EditorSounds/Notifications/CompileSuccess.uasset" 101
"../../../Engine/Content/EditorSounds/Notifications/CompileStart_Cue.uasset" 102
"../../../Engine/Content/EditorSounds/Notifications/CompileSuccess_Cue.uasset" 103
"../../../Engine/Content/EditorSounds/Notifications/CompileFailed.uasset" 104
"../../../Engine/Content/EditorSounds/Notifications/CompileFailed_Cue.uasset" 105
"../../../Engine/Content/MobileResources/HUD/MobileHUDButton3.uasset" 106
"../../../Engine/Content/MobileResources/HUD/MobileHUDButtonFire.uasset" 107
"../../../TwoWorlds/Content/StarterContent/Materials/M_Basic_Wall.uasset" 108
"../../../TwoWorlds/Content/StarterContent/Shapes/Shape_Tube.uasset" 109
"../../../TwoWorlds/Content/StarterContent/Shapes/Shape_Wedge_A.uasset" 110
"../../../Engine/Content/EditorResources/AudioIcons/S_AudioComponent.uasset" 111
"../../../Engine/Content/MobileResources/HUD/MobileHUDButton1_on.uasset" 112
"../../../Engine/Content/MobileResources/HUD/MobileHUDDirectionPad2.uasset" 113
"../../../Engine/Content/MobileResources/HUD/MobileHUDDirectionPad3.uasset" 114
"../../../Engine/Content/MobileResources/HUD/MobileHUDButton2_on.uasset" 115
"../../../Engine/Content/MobileResources/HUD/MobileHUDDirectionStick.uasset" 116
"../../../TwoWorlds/Content/TwoWorldsAssets/Textures/tw_atlas_inverted.uasset" 117
"../../../Engine/Content/MobileResources/HUD/T_Castle_ThumbstickInner.uasset" 118
"../../../TwoWorlds/Content/Mannequin/Character/Mesh/UE4_Mannequin_Skeleton.uasset" 119
"../../../TwoWorlds/Content/Mannequin/Animations/ThirdPersonJump_End.uasset" 120
"../../../Engine/Content/MobileResources/T_MobileMenu2.uasset" 121
"../../../Engine/Content/MobileResources/HUD/VirtualJoystick_Background.uasset" 122
"../../../Engine/Content/MobileResources/HUD/VirtualJoystick_Thumb.uasset" 123
"../../../Engine/Content/MobileResources/HUD/DefaultVirtualJoysticks.uasset" 124
"../../../Engine/Content/MobileResources/HUD/LeftVirtualJoystickOnly.uasset" 125
"../../../Engine/Content/EditorResources/AudioIcons/S_AudioComponent_AutoActivate.uasset" 126
"../../../Engine/Content/EditorResources/EmptyActor.uasset" 127
"../../../Engine/Content/MobileResources/HUD/MobileHUDDirectionPad.uasset" 128
"../../../Engine/Content/MobileResources/HUD/T_Castle_ThumbstickOutter.uasset" 129
"../../../TwoWorlds/Content/StarterContent/Shapes/Shape_Trim.uasset" 130
"../../../TwoWorlds/Content/StarterContent/Shapes/Shape_Trim_90_In.uasset" 131
"../../../TwoWorlds/Content/StarterContent/Shapes/Shape_Trim_90_Out.uasset" 132
"../../../TwoWorlds/Content/StarterContent/Shapes/Shape_TriPyramid.uasset" 133
"../../../TwoWorlds/Content/TwoWorldsAssets/Meshes/PC_Guardian_animation_walk_Skeleton.uasset" 134
"../../../TwoWorlds/Content/TwoWorldsAssets/Meshes/GuardianAnimations/Guardian_Jump_fixed_full.uasset" 135
"../../../TwoWorlds/Content/StarterContent/Audio/Explosion_Cue.uasset" 136
"../../../TwoWorlds/Content/StarterContent/Textures/T_Burst_M.uasset" 137
"../../../TwoWorlds/Content/StarterContent/Particles/Materials/M_Burst.uasset" 138
"../../../TwoWorlds/Content/StarterContent/Textures/T_Explosion_SubUV.uasset" 139
"../../../TwoWorlds/Content/StarterContent/Particles/Materials/M_explosion_subUV.uasset" 140
"../../../TwoWorlds/Content/StarterContent/Particles/Materials/m_flare_01.uasset" 141
"../../../Engine/Content/Functions/Engine_MaterialFunctions01/Gradient/RadialGradient.uasset" 142
"../../../TwoWorlds/Content/StarterContent/Particles/Materials/M_radial_ramp.uasset" 143
"../../../TwoWorlds/Content/StarterContent/Textures/T_Smoke_SubUV.uasset" 144
"../../../TwoWorlds/Content/StarterContent/Textures/T_Smoke_Tiled_D.uasset" 145
"../../../TwoWorlds/Content/StarterContent/Particles/Materials/M_smoke_subUV.uasset" 146
"../../../TwoWorlds/Content/StarterContent/Particles/P_Explosion.uasset" 147
"../../../TwoWorlds/Content/StarterContent/Blueprints/Blueprint_Effect_Explosion.uasset" 148
"../../../TwoWorlds/Content/TwoWorldsAssets/Meshes/BobsEnvironment/Trees/Tree4.uasset" 149
"../../../TwoWorlds/Content/TwoWorldsAssets/Meshes/GuardianAnimations/Guardian_BunnyrangOn.uasset" 150
"../../../TwoWorlds/Content/TwoWorldsAssets/Meshes/BobsEnvironment/Garden_Kit/lambert2.uasset" 151
"../../../TwoWorlds/Content/TwoWorldsAssets/Meshes/BobsEnvironment/Flowers/BobFlower3.uasset" 152
"../../../TwoWorlds/Content/TwoWorldsAssets/Meshes/BobsEnvironment/Flowers/BobFlower4.uasset" 153
"../../../TwoWorlds/Content/TwoWorldsAssets/Meshes/BobsEnvironment/Flowers/BobFlower5.uasset" 154
"../../../TwoWorlds/Content/TwoWorldsAssets/Meshes/BobsEnvironment/Garden_Kit/BobRocks1.uasset" 155
"../../../TwoWorlds/Content/TwoWorldsAssets/Meshes/BobsEnvironment/Garden_Kit/GardenLantern.uasset" 156
"../../../TwoWorlds/Content/TwoWorldsAssets/Meshes/BobsEnvironment/Garden_Kit/LargeRockRing.uasset" 157
"../../../TwoWorlds/Content/TwoWorldsAssets/Meshes/BobsEnvironment/Garden_Kit/PathTile1.uasset" 158
"../../../TwoWorlds/Content/TwoWorldsAssets/Meshes/BobsEnvironment/Garden_Kit/PathTile2.uasset" 159
"../../../TwoWorlds/Content/TwoWorldsAssets/Meshes/tw_atlas.uasset" 160
"../../../TwoWorlds/Content/TwoWorldsAssets/Meshes/Physical_M.uasset" 161
"../../../TwoWorlds/Content/TwoWorldsAssets/Meshes/BobsEnvironment/Garden_Kit/Portal_Tree.uasset" 162
"../../../TwoWorlds/Content/TwoWorldsAssets/Meshes/BobsEnvironment/Garden_Kit/RockBunch1.uasset" 163
"../../../TwoWorlds/Content/TwoWorldsAssets/Meshes/BobsEnvironment/Garden_Kit/RockBunch2.uasset" 164
"../../../TwoWorlds/Content/TwoWorldsAssets/Meshes/BobsEnvironment/Garden_Kit/SandCircle.uasset" 165
"../../../TwoWorlds/Content/TwoWorldsAssets/Meshes/BobsEnvironment/Garden_Kit/Shrine_Large.uasset" 166
"../../../TwoWorlds/Content/TwoWorldsAssets/Meshes/BobsEnvironment/Garden_Kit/SmallRockRing.uasset" 167
"../../../TwoWorlds/Content/TwoWorldsAssets/Meshes/BobsEnvironment/Garden_Kit/smallSandCircle.uasset" 168
"../../../TwoWorlds/Content/TwoWorldsAssets/Meshes/BobsEnvironment/Trees/Tree1.uasset" 169
"../../../TwoWorlds/Content/TwoWorldsAssets/Meshes/BobsEnvironment/Trees/Tree2.uasset" 170
"../../../TwoWorlds/Content/TwoWorldsAssets/Meshes/BobsEnvironment/Trees/Tree3.uasset" 171
"../../../TwoWorlds/Content/StarterContent/Textures/T_Bush_D.uasset" 172
"../../../TwoWorlds/Content/StarterContent/Textures/T_Bush_N.uasset" 173
"../../../TwoWorlds/Content/StarterContent/Props/Materials/M_Bush.uasset" 174
"../../../TwoWorlds/Content/StarterContent/Props/SM_Bush.uasset" 175
"../../../TwoWorlds/Content/StarterContent/Textures/T_Chair_M.uasset" 176
"../../../TwoWorlds/Content/StarterContent/Textures/T_Chair_N.uasset" 177
"../../../TwoWorlds/Content/StarterContent/Props/Materials/M_Chair.uasset" 178
"../../../TwoWorlds/Content/StarterContent/Props/SM_Couch.uasset" 179
"../../../TwoWorlds/Content/StarterContent/Materials/M_Glass.uasset" 180
"../../../TwoWorlds/Content/StarterContent/Textures/T_Door_M.uasset" 181
"../../../TwoWorlds/Content/StarterContent/Textures/T_Door_N.uasset" 182
"../../../TwoWorlds/Content/StarterContent/Props/Materials/M_Door.uasset" 183
"../../../TwoWorlds/Content/StarterContent/Props/SM_Door.uasset" 184
"../../../TwoWorlds/Content/StarterContent/Props/Materials/M_MaterialSphere.uasset" 185
"../../../TwoWorlds/Content/StarterContent/Props/Materials/M_MaterialSphere_Plain.uasset" 186
"../../../TwoWorlds/Content/StarterContent/Props/SM_MatPreviewMesh_02.uasset" 187
"../../../Engine/Content/EditorBlueprintResources/StandardMacros.uasset" 188
"../../../TwoWorlds/Content/Mannequin/Animations/ThirdPerson_Jump.uasset" 189
"../../../TwoWorlds/Content/Mannequin/Animations/ThirdPersonJump_Loop.uasset" 190
"../../../TwoWorlds/Content/Mannequin/Animations/ThirdPersonJump_Start.uasset" 191
"../../../TwoWorlds/Content/Mannequin/Animations/ThirdPersonIdle.uasset" 192
"../../../TwoWorlds/Content/Mannequin/Animations/ThirdPersonRun.uasset" 193
"../../../TwoWorlds/Content/Mannequin/Animations/ThirdPersonWalk.uasset" 194
"../../../TwoWorlds/Content/Mannequin/Animations/ThirdPerson_IdleRun_2D.uasset" 195
"../../../TwoWorlds/Content/Mannequin/Animations/ThirdPerson_AnimBP.uasset" 196
"../../../TwoWorlds/Content/TwoWorldsAssets/Meshes/GuardianAnimations/Guardian_Action_Take_Spirit.uasset" 197
"../../../TwoWorlds/Content/TwoWorldsAssets/Meshes/GuardianAnimations/Guardian_Air_fixed.uasset" 198
"../../../TwoWorlds/Content/TwoWorldsAssets/Meshes/GuardianAnimations/Guardian_BunnyrangOff.uasset" 199
"../../../TwoWorlds/Content/TwoWorldsAssets/Meshes/GuardianAnimations/Guardian_Jump_fixed.uasset" 200
"../../../TwoWorlds/Content/TwoWorldsAssets/Meshes/GuardianAnimations/Guardian_Land_fixed.uasset" 201
"../../../TwoWorlds/Content/TwoWorldsAssets/Meshes/GuardianAnimations/Guardian_Throw.uasset" 202
"../../../TwoWorlds/Content/TwoWorldsAssets/Meshes/GuardianAnimations/Guardian_Idle.uasset" 203
"../../../TwoWorlds/Content/TwoWorldsAssets/Meshes/GuardianAnimations/Guardian_Run.uasset" 204
"../../../TwoWorlds/Content/TwoWorldsAssets/Meshes/GuardianAnimations/Guardian_Walk.uasset" 205
"../../../TwoWorlds/Content/TwoWorldsAssets/Blueprints/IdletoRun.uasset" 206
"../../../TwoWorlds/Content/ThirdPersonBP/Blueprints/GuardianAnim.uasset" 207
"../../../TwoWorlds/Content/TwoWorldsAssets/Blueprints/GlobalController.uasset" 208
"../../../TwoWorlds/Content/TwoWorldsAssets/EnemyAI/EnemyAI_Blackboard.uasset" 209
"../../../TwoWorlds/Content/TwoWorldsAssets/EnemyAI/BTDecorator_IsInAttackRange.uasset" 210
"../../../TwoWorlds/Content/TwoWorldsAssets/EnemyAI/BTService_EnemyFindTarget.uasset" 211
"../../../TwoWorlds/Content/TwoWorldsAssets/EnemyAI/BTService_FaceTarget.uasset" 212
"../../../TwoWorlds/Content/TwoWorldsAssets/EnemyAI/BTTask_Attack.uasset" 213
"../../../TwoWorlds/Content/TwoWorldsAssets/EnemyAI/BTTask_GetRandomDestination.uasset" 214
"../../../TwoWorlds/Content/TwoWorldsAssets/EnemyAI/BTTask_MoveToAttack.uasset" 215
"../../../TwoWorlds/Content/TwoWorldsAssets/EnemyAI/EnemyAI_BT.uasset" 216
"../../../TwoWorlds/Content/TwoWorldsAssets/EnemyAI/EnemyAI_Controller.uasset" 217
"../../../TwoWorlds/Content/StarterContent/Textures/T_TableRound_M.uasset" 218
"../../../TwoWorlds/Content/StarterContent/Textures/T_TableRound_N.uasset" 219
"../../../TwoWorlds/Content/StarterContent/Props/Materials/M_TableRound.uasset" 220
"../../../Engine/Content/Functions/Engine_MaterialFunctions02/Utility/BlendAngleCorrectedNormals.uasset" 221
"../../../Engine/Content/Functions/MaterialLayerFunctions/MatLayerBlend_NormalBlend.uasset" 222
"../../../Engine/Content/Functions/MaterialLayerFunctions/MatLayerBlend_Simple.uasset" 223
"../../../TwoWorlds/Content/Mannequin/Character/Materials/MaterialLayers/T_ML_Rubber_Blue_01_D.uasset" 224
"../../../TwoWorlds/Content/Mannequin/Character/Materials/MaterialLayers/T_ML_Rubber_Blue_01_N.uasset" 225
"../../../TwoWorlds/Content/Mannequin/Character/Materials/MaterialLayers/ML_GlossyBlack_Latex_UE4.uasset" 226
"../../../TwoWorlds/Content/Mannequin/Character/Materials/MaterialLayers/ML_Plastic_Shiny_Beige.uasset" 227
"../../../TwoWorlds/Content/Mannequin/Character/Textures/UE4_LOGO_CARD.uasset" 228
"../../../TwoWorlds/Content/Mannequin/Character/Materials/MaterialLayers/ML_Plastic_Shiny_Beige_LOGO.uasset" 229
"../../../TwoWorlds/Content/Mannequin/Character/Materials/MaterialLayers/T_ML_Aluminum01.uasset" 230
"../../../TwoWorlds/Content/Mannequin/Character/Materials/MaterialLayers/T_ML_Aluminum01_N.uasset" 231
"../../../TwoWorlds/Content/Mannequin/Character/Materials/MaterialLayers/ML_SoftMetal_UE4.uasset" 232
"../../../TwoWorlds/Content/Mannequin/Character/Textures/UE4_Mannequin__normals.uasset" 233
"../../../TwoWorlds/Content/Mannequin/Character/Textures/UE4_Mannequin_MAT_MASKA.uasset" 234
"../../../TwoWorlds/Content/Mannequin/Character/Materials/M_UE4Man_Body.uasset" 235
"../../../TwoWorlds/Content/Mannequin/Character/Textures/UE4Man_Logo_N.uasset" 236
"../../../TwoWorlds/Content/Mannequin/Character/Materials/M_UE4Man_ChestLogo.uasset" 237
"../../../TwoWorlds/Content/Mannequin/Character/Mesh/SK_Mannequin_PhysicsAsset.uasset" 238
"../../../TwoWorlds/Content/Mannequin/Character/Mesh/SK_Mannequin.uasset" 239
"../../../TwoWorlds/Content/StarterContent/Audio/Explosion01.uasset" 240
"../../../TwoWorlds/Content/TwoWorldsAssets/Particles/WorldShiftParticles.uasset" 241
"../../../TwoWorlds/Content/TwoWorldsAssets/EnemyAI/EnemyAI_Character.uasset" 242
"../../../TwoWorlds/Content/TwoWorldsAssets/Meshes/Weapon_Bunnyrang.uasset" 243
"../../../TwoWorlds/Content/TwoWorldsAssets/Blueprints/Bunnyrang.uasset" 244
"../../../TwoWorlds/Content/TwoWorldsAssets/Blueprints/SpiritDeployTrigger.uasset" 245
"../../../TwoWorlds/Content/TwoWorldsAssets/Materials/Physical.uasset" 246
"../../../TwoWorlds/Content/TwoWorldsAssets/Materials/Spirit.uasset" 247
"../../../TwoWorlds/Content/TwoWorldsAssets/Blueprints/WorldShiftTrigger.uasset" 248
"../../../Engine/Content/BasicShapes/BasicShapeMaterial.uasset" 249
"../../../TwoWorlds/Content/TwoWorldsAssets/Materials/LanternGlow.uasset" 250
"../../../TwoWorlds/Content/TwoWorldsAssets/TextTypes/Deselected.uasset" 251
"../../../TwoWorlds/Content/TwoWorldsAssets/TextTypes/Selected.uasset" 252
"../../../Engine/Content/BasicShapes/Sphere.uasset" 253
"../../../TwoWorlds/Content/TwoWorldsAssets/Meshes/PC_Guardian_animation_walk.uasset" 254
"../../../TwoWorlds/Content/TwoWorldsAssets/Meshes/Tool_Lantern.uasset" 255
"../../../TwoWorlds/Content/StarterContent/Textures/T_Fire_SubUV.uasset" 256
"../../../TwoWorlds/Content/StarterContent/Textures/T_Fire_Tiled_D.uasset" 257
"../../../TwoWorlds/Content/StarterContent/Particles/Materials/M_Fire_SubUV.uasset" 258
"../../../TwoWorlds/Content/TwoWorldsAssets/Particles/SpiritFire.uasset" 259
"../../../TwoWorlds/Content/ThirdPersonBP/Blueprints/ThirdPersonCharacter.uasset" 260
"../../../TwoWorlds/Content/TwoWorldsAssets/Textures/Heart.uasset" 261
"../../../TwoWorlds/Content/ThirdPersonBP/Blueprints/HUD.uasset" 262
"../../../TwoWorlds/Content/ThirdPersonBP/Blueprints/ThirdPersonGameMode.uasset" 263
"../../../TwoWorlds/Content/StarterContent/Shapes/Shape_Wedge_B.uasset" 264
"../../../Engine/Content/MobileResources/HUD/MobileHUDButton2_off.uasset" 265
"../../../TwoWorlds/Content/TwoWorldsAssets/Textures/tw_atlasAlt.uasset" 266
"../../../TwoWorlds/Content/StarterContent/Shapes/Shape_WideCapsule.uasset" 267
"../../../Engine/Content/MobileResources/HUD/MobileHUDButton1_off.uasset" 268
"../../../TwoWorlds/Content/TwoWorldsAssets/Textures/SplashLogoTemplate.uasset" 269
"../../../Engine/Content/EditorResources/LightIcons/S_LightError.uasset" 270
"../../../Engine/Content/BasicShapes/Cone.uasset" 271
"../../../Engine/Content/EditorMaterials/PhAT_JointLimitMaterial.uasset" 272
"../../../Engine/Content/EditorMaterials/PreviewShadowIndicator.uasset" 273
"../../../Engine/Content/EditorMaterials/PreviewShadowIndicatorMaterial.uasset" 274
"../../../Engine/Content/EditorResources/BSPVertex.uasset" 275
"../../../Engine/Content/EngineDebugMaterials/HeatmapGradient.uasset" 276
"../../../Engine/Content/EngineDebugMaterials/BoneWeightMaterial.uasset" 277
"../../../Engine/Content/EngineDebugMaterials/GeomMaterial.uasset" 278
"../../../Engine/Content/EngineMaterials/EditorBrushMaterial.uasset" 279
"../../../Engine/Content/EngineMeshes/Cube.uasset" 280
"../../../Engine/Content/MobileResources/T_MobileControls_texture.uasset" 281
"../../../Engine/Content/MobileResources/HUD/AnalogHat.uasset" 282
"../../../Engine/Content/Tutorial/BlueprintTutorials/TutorialAssets/BlueprintInterface_64x.uasset" 283
"../../../Engine/Content/Tutorial/BlueprintTutorials/TutorialAssets/BlueprintMacroLibrary_64x.uasset" 284
"../../../Engine/Content/Tutorial/BlueprintTutorials/TutorialAssets/Blueprint_64x.uasset" 285
"../../../Engine/Content/Tutorial/BlueprintTutorials/TutorialAssets/Tutorial_BP_Interface.uasset" 286
"../../../Engine/Content/Tutorial/Foliage/TutorialAssets/Foliage.uasset" 287
"../../../Engine/Content/Tutorial/Landscape/TutorialAssets/Landscape.uasset" 288
"../../../Engine/Content/Tutorial/Paper2D/TutorialAssets/Paper2DFlipbook_TutorialIcon.uasset" 289
"../../../Engine/Content/Tutorial/Paper2D/TutorialAssets/Paper2DSprite_TutorialIcon.uasset" 290
"../../../Engine/Content/Tutorial/SubEditors/TutorialAssets/icon_Editor_Preferences_General_40x.uasset" 291
"../../../Engine/Content/Tutorial/SubEditors/TutorialAssets/icon_ShowSkeletalMeshes_40x.uasset" 292
"../../../Engine/Content/Tutorial/SubEditors/TutorialAssets/TutorialMaterial.uasset" 293
"../../../Engine/Content/Tutorial/SubEditors/TutorialAssets/T_SmokeSubUV_8X8.uasset" 294
"../../../Engine/Content/Tutorial/SubEditors/TutorialAssets/T_soft_smoke.uasset" 295
"../../../Engine/Content/Tutorial/SubEditors/TutorialAssets/M_smoke_subUV_blackbody.uasset" 296
"../../../Engine/Content/Tutorial/SubEditors/TutorialAssets/TutorialParticleSystem.uasset" 297
"../../../Engine/Content/EngineMaterials/WorldGridMaterial.uasset" 298
"../../../Engine/Content/EditorMeshes/EditorCube.uasset" 299
"../../../Engine/Content/Tutorial/SubEditors/TutorialAssets/Tutorial_DM.uasset" 300
"../../../TwoWorlds/Content/StarterContent/Architecture/Pillar_50x500.uasset" 301
"../../../TwoWorlds/Content/StarterContent/Architecture/Wall_400x300.uasset" 302
"../../../TwoWorlds/Content/StarterContent/Architecture/Wall_400x400.uasset" 303
"../../../TwoWorlds/Content/StarterContent/Architecture/Wall_500x500.uasset" 304
"../../../TwoWorlds/Content/StarterContent/Architecture/Wall_Door_400x400.uasset" 305
"../../../TwoWorlds/Content/StarterContent/Architecture/Wall_Window_400x400.uasset" 306
"../../../TwoWorlds/Content/StarterContent/Audio/Light01_Cue.uasset" 307
"../../../TwoWorlds/Content/StarterContent/Audio/Light02_Cue.uasset" 308
"../../../Engine/Content/EditorMeshes/ColorCalibrator/T_ColorGrid.uasset" 309
"../../../TwoWorlds/Content/StarterContent/Materials/M_ColorGrid_LowSpec.uasset" 310
"../../../TwoWorlds/Content/StarterContent/Textures/T_Detail_Rocky_N.uasset" 311
"../../../TwoWorlds/Content/StarterContent/Textures/T_Rock_Basalt_D.uasset" 312
"../../../TwoWorlds/Content/StarterContent/Textures/T_RockMesh_M.uasset" 313
"../../../TwoWorlds/Content/StarterContent/Textures/T_RockMesh_N.uasset" 314
"../../../TwoWorlds/Content/StarterContent/Props/Materials/M_Rock.uasset" 315
"../../../TwoWorlds/Content/StarterContent/Props/SM_Rock.uasset" 316
"../../../TwoWorlds/Content/StarterContent/Textures/T_Shelf_M.uasset" 317
"../../../TwoWorlds/Content/StarterContent/Textures/T_Shelf_N.uasset" 318
"../../../TwoWorlds/Content/StarterContent/Props/Materials/M_Shelf.uasset" 319
"../../../TwoWorlds/Content/StarterContent/Props/SM_Shelf.uasset" 320
"../../../TwoWorlds/Content/StarterContent/Materials/M_Basic_Floor.uasset" 321
"../../../TwoWorlds/Content/StarterContent/Props/SM_Stairs.uasset" 322
"../../../TwoWorlds/Content/StarterContent/Shapes/Shape_Cone.uasset" 323
"../../../TwoWorlds/Content/StarterContent/Shapes/Shape_Cylinder.uasset" 324
"../../../TwoWorlds/Content/StarterContent/Shapes/Shape_NarrowCapsule.uasset" 325
"../../../TwoWorlds/Content/StarterContent/Shapes/Shape_Pipe.uasset" 326
"../../../TwoWorlds/Content/StarterContent/Shapes/Shape_Pipe_180.uasset" 327
"../../../TwoWorlds/Content/StarterContent/Shapes/Shape_Pipe_90.uasset" 328
"../../../TwoWorlds/Content/StarterContent/Shapes/Shape_Plane.uasset" 329
"../../../TwoWorlds/Content/StarterContent/Shapes/Shape_Torus.uasset" 330
"../../../TwoWorlds/Content/ThirdPersonBP/WorldGridMaterial.uasset" 331
"../../../TwoWorlds/Content/ThirdPersonBP/Landscape.uasset" 332
"../../../TwoWorlds/Content/ThirdPersonBP/Maps/TestActor.uasset" 333
"../../../TwoWorlds/Content/TwoWorldsAssets/Levels/LandScape_sharedassets/Dirt_LayerInfo.uasset" 334
"../../../TwoWorlds/Content/TwoWorldsAssets/Materials/lambert4.uasset" 335
"../../../TwoWorlds/Content/TwoWorldsAssets/Meshes/BasicTree.uasset" 336
"../../../TwoWorlds/Content/TwoWorldsAssets/Meshes/Weapon_BunnyrangFinal.uasset" 337
"../../../TwoWorlds/Content/TwoWorldsAssets/Meshes/BobsEnvironment/Flowers/BobFlower1.uasset" 338
"../../../TwoWorlds/Content/TwoWorldsAssets/Meshes/BobsEnvironment/Flowers/BobFlower2.uasset" 339
"../../../Engine/Content/EngineSky/C_Sky_Cloud_Color.uasset" 340
"../../../Engine/Content/EngineSky/C_Sky_Horizon_Color.uasset" 341
"../../../Engine/Content/EngineSky/C_Sky_Zenith_Color.uasset" 342
"../../../Engine/Content/EngineSky/T_Sky_Blue.uasset" 343
"../../../Engine/Content/EngineSky/T_Sky_Clouds_M.uasset" 344
"../../../Engine/Content/EngineSky/T_Sky_Stars.uasset" 345
"../../../Engine/Content/EngineSky/M_Sky_Panning_Clouds2.uasset" 346
"../../../Engine/Content/EngineSky/SM_SkySphere.uasset" 347
"../../../Engine/Content/EngineSky/BP_Sky_Sphere.uasset" 348
"../../../TwoWorlds/Content/StarterContent/Textures/T_MacroVariation.uasset" 349
"../../../TwoWorlds/Content/StarterContent/Materials/M_Metal_Brushed_Nickel.uasset" 350
"../../../TwoWorlds/Content/StarterContent/Textures/T_Metal_Aluminum_D.uasset" 351
"../../../TwoWorlds/Content/StarterContent/Textures/T_Metal_Gold_N.uasset" 352
"../../../TwoWorlds/Content/StarterContent/Materials/M_Metal_Burnished_Steel.uasset" 353
"../../../TwoWorlds/Content/StarterContent/Textures/T_Metal_Copper_D.uasset" 354
"../../../TwoWorlds/Content/StarterContent/Materials/M_Metal_Copper.uasset" 355
"../../../TwoWorlds/Content/StarterContent/Textures/T_Statue_M.uasset" 356
"../../../TwoWorlds/Content/StarterContent/Textures/T_Statue_N.uasset" 357
"../../../TwoWorlds/Content/StarterContent/Props/Materials/M_StatueGlass.uasset" 358
"../../../TwoWorlds/Content/StarterContent/Architecture/Floor_400x400.uasset" 359
"../../../TwoWorlds/Content/StarterContent/Audio/Starter_Background_Cue.uasset" 360
"../../../TwoWorlds/Content/StarterContent/Props/SM_Chair.uasset" 361
"../../../TwoWorlds/Content/StarterContent/Props/Materials/M_Statue.uasset" 362
"../../../TwoWorlds/Content/StarterContent/Props/SM_Statue.uasset" 363
"../../../TwoWorlds/Content/StarterContent/Props/SM_TableRound.uasset" 364
"../../../TwoWorlds/Content/StarterContent/Maps/Minimal_Default.umap" 365
"../../../Engine/Content/EngineMaterials/DefaultNormal.uasset" 366
"../../../Engine/Content/Maps/Entry.umap" 367
"../../../TwoWorlds/Content/TwoWorldsAssets/Textures/16649035_10210225146039647_2205978410733379743_n.uasset" 368
"../../../TwoWorlds/Content/TwoWorldsAssets/Materials/Splash1.uasset" 369
"../../../Engine/Content/BasicShapes/Cube.uasset" 370
"../../../TwoWorlds/Content/TwoWorldsAssets/Levels/Splash1.umap" 371
"../../../Engine/Content/BasicShapes/Cylinder.uasset" 372
"../../../TwoWorlds/Content/TwoWorldsAssets/Meshes/Environment_Well.uasset" 373
"../../../TwoWorlds/Content/TwoWorldsAssets/Levels/MainMenu.umap" 374
"../../../TwoWorlds/Content/TwoWorldsAssets/Levels/LandScape_sharedassets/Grass_LayerInfo.uasset" 375
"../../../TwoWorlds/Content/TwoWorldsAssets/Levels/LandScape_sharedassets/Rock_LayerInfo.uasset" 376
"../../../TwoWorlds/Content/TwoWorldsAssets/LevelSequences/Bridge.uasset" 377
"../../../TwoWorlds/Content/TwoWorldsAssets/LevelSequences/RISE.uasset" 378
"../../../TwoWorlds/Content/TwoWorldsAssets/Materials/LandscapeSpirit.uasset" 379
"../../../TwoWorlds/Content/TwoWorldsAssets/Textures/LowPolyWaterMultiply.uasset" 380
"../../../TwoWorlds/Content/TwoWorldsAssets/Textures/LowPolyWaterNormal.uasset" 381
"../../../TwoWorlds/Content/TwoWorldsAssets/Textures/LowPolyWaterNormal2.uasset" 382
"../../../TwoWorlds/Content/TwoWorldsAssets/Materials/Water.uasset" 383
"../../../TwoWorlds/Content/TwoWorldsAssets/Materials/Landscape.uasset" 384
"../../../TwoWorlds/Content/TwoWorldsAssets/Materials/Landscape_Instance.uasset" 385
"../../../Engine/Content/EngineMaterials/DefaultPhysicalMaterial.uasset" 386
"../../../TwoWorlds/Content/TwoWorldsAssets/Meshes/BobsEnvironment/Garden_Kit/PortalTree.uasset" 387
"../../../TwoWorlds/Content/TwoWorldsAssets/Meshes/BobsEnvironment/Garden_Kit/Shrine_Small.uasset" 388
"../../../TwoWorlds/Content/TwoWorldsAssets/Meshes/FlatishRock.uasset" 389
"../../../TwoWorlds/Content/TwoWorldsAssets/Meshes/LargePlatFormRock.uasset" 390
"../../../Engine/Content/Functions/Engine_MaterialFunctions01/WorldPositionOffset/SimpleGrassWind.uasset" 391
"../../../TwoWorlds/Content/TwoWorldsAssets/Meshes/LewisEnvironment/tw_foliage_atlas.uasset" 392
"../../../TwoWorlds/Content/TwoWorldsAssets/Meshes/LewisEnvironment/Foliage.uasset" 393
"../../../TwoWorlds/Content/TwoWorldsAssets/Meshes/LewisEnvironment/Grass.uasset" 394
"../../../TwoWorlds/Content/TwoWorldsAssets/Meshes/LewisEnvironment/SmallWideBush.uasset" 395
"../../../TwoWorlds/Content/TwoWorldsAssets/Meshes/LewisEnvironment/Tall_bush.uasset" 396
"../../../TwoWorlds/Content/TwoWorldsAssets/Levels/LandScape.umap" 397
"../../../Engine/Content/Functions/Engine_MaterialFunctions03/Procedurals/ComputeFilterWidth.uasset" 398
"../../../Engine/Content/EngineMaterials/AntiAliasedTextMaterialTranslucent.uasset" 399
"../../../TwoWorlds/Content/Geometry/Meshes/CubeMaterial.uasset" 400
"../../../TwoWorlds/Content/Geometry/Meshes/1M_Cube.uasset" 401
"../../../TwoWorlds/Content/Geometry/Meshes/1M_Cube_Chamfer.uasset" 402
"../../../TwoWorlds/Content/Geometry/Meshes/TemplateFloor.uasset" 403
"../../../TwoWorlds/Content/ThirdPerson/Meshes/RampMaterial.uasset" 404
"../../../TwoWorlds/Content/ThirdPerson/Meshes/Bump_StaticMesh.uasset" 405
"../../../TwoWorlds/Content/ThirdPerson/Meshes/LeftArm_StaticMesh.uasset" 406
"../../../TwoWorlds/Content/ThirdPerson/Meshes/Linear_Stair_StaticMesh.uasset" 407
"../../../TwoWorlds/Content/ThirdPerson/Meshes/Ramp_StaticMesh.uasset" 408
"../../../TwoWorlds/Content/ThirdPerson/Meshes/RightArm_StaticMesh.uasset" 409
"../../../TwoWorlds/Content/ThirdPersonBP/Maps/ThirdPersonExampleMap.umap" 410
"../../../TwoWorlds/Content/StarterContent/Blueprints/Assets/FogBrightnessLUT.uasset" 411
"../../../TwoWorlds/Content/StarterContent/Blueprints/Assets/SunlightColorLUT.uasset" 412
"../../../TwoWorlds/Content/StarterContent/Blueprints/Assets/M_LightStage_Arrows.uasset" 413
"../../../Engine/Content/MapTemplates/Sky/DaylightAmbientCubemap.uasset" 414
"../../../TwoWorlds/Content/StarterContent/Blueprints/Assets/M_LightStage_Skybox_Master.uasset" 415
"../../../TwoWorlds/Content/StarterContent/Blueprints/Assets/M_LightStage_Skybox_Black.uasset" 416
"../../../TwoWorlds/Content/StarterContent/Blueprints/Assets/M_LightStage_Skybox_HDRI.uasset" 417
"../../../Engine/Content/EditorMaterials/Thumbnails/SkySphereMaterial.uasset" 418
"../../../TwoWorlds/Content/StarterContent/Blueprints/Assets/Skybox.uasset" 419
"../../../TwoWorlds/Content/StarterContent/Blueprints/Assets/SM_Arrows.uasset" 420
"../../../TwoWorlds/Content/StarterContent/HDRI/HDRI_Epic_Courtyard_Daylight.uasset" 421
"../../../TwoWorlds/Content/StarterContent/Blueprints/BP_LightStudio.uasset" 422
"../../../TwoWorlds/Content/StarterContent/Materials/M_AssetPlatform.uasset" 423
"../../../Engine/Content/EditorMeshes/ColorCalibrator/M_ChromeBall.uasset" 424
"../../../Engine/Content/EditorMeshes/ColorCalibrator/M_ClearCoat.uasset" 425
"../../../Engine/Content/EditorMeshes/ColorCalibrator/M_ClearCoatBlack.uasset" 426
"../../../Engine/Content/EditorMeshes/ColorCalibrator/M_ColorGrid.uasset" 427
"../../../Engine/Content/EditorMeshes/ColorCalibrator/M_GreyBall.uasset" 428
"../../../Engine/Content/EditorMeshes/ColorCalibrator/SM_ColorCalibrator.uasset" 429
"../../../TwoWorlds/Content/StarterContent/Architecture/SM_AssetPlatform.uasset" 430
"../../../TwoWorlds/Content/StarterContent/Maps/Advanced_Lighting.umap" 431
"../../../TwoWorlds/Content/StarterContent/Audio/Fire01_Cue.uasset" 432
"../../../TwoWorlds/Content/StarterContent/Textures/T_Water_N.uasset" 433
"../../../TwoWorlds/Content/StarterContent/Particles/Materials/M_Heat_Distortion.uasset" 434
"../../../TwoWorlds/Content/StarterContent/Particles/Materials/M_Radial_Gradient.uasset" 435
"../../../TwoWorlds/Content/StarterContent/Particles/P_Fire.uasset" 436
"../../../TwoWorlds/Content/StarterContent/Blueprints/Blueprint_Effect_Fire.uasset" 437
"../../../TwoWorlds/Content/StarterContent/Audio/Smoke01_Cue.uasset" 438
"../../../TwoWorlds/Content/StarterContent/Particles/P_Smoke.uasset" 439
"../../../TwoWorlds/Content/StarterContent/Blueprints/Blueprint_Effect_Smoke.uasset" 440
"../../../TwoWorlds/Content/StarterContent/Audio/Fire_Sparks01_Cue.uasset" 441
"../../../TwoWorlds/Content/StarterContent/Textures/T_Spark_Core.uasset" 442
"../../../TwoWorlds/Content/StarterContent/Particles/Materials/M_Spark.uasset" 443
"../../../TwoWorlds/Content/StarterContent/Particles/P_Sparks.uasset" 444
"../../../TwoWorlds/Content/StarterContent/Blueprints/Blueprint_Effect_Sparks.uasset" 445
"../../../TwoWorlds/Content/StarterContent/Audio/Steam01_Cue.uasset" 446
"../../../TwoWorlds/Content/StarterContent/Particles/P_Steam_Lit.uasset" 447
"../../../TwoWorlds/Content/StarterContent/Blueprints/Blueprint_Effect_Steam.uasset" 448
"../../../TwoWorlds/Content/StarterContent/Textures/T_Lamp_M.uasset" 449
"../../../TwoWorlds/Content/StarterContent/Textures/T_Lamp_N.uasset" 450
"../../../TwoWorlds/Content/StarterContent/Props/Materials/M_Lamp.uasset" 451
"../../../TwoWorlds/Content/StarterContent/Props/SM_Lamp_Ceiling.uasset" 452
"../../../TwoWorlds/Content/StarterContent/Blueprints/Blueprint_CeilingLight.uasset" 453
"../../../TwoWorlds/Content/StarterContent/Props/SM_Lamp_Wall.uasset" 454
"../../../TwoWorlds/Content/StarterContent/Blueprints/Blueprint_WallSconce.uasset" 455
"../../../TwoWorlds/Content/StarterContent/Textures/T_Brick_Clay_Beveled_D.uasset" 456
"../../../TwoWorlds/Content/StarterContent/Textures/T_Brick_Clay_Beveled_M.uasset" 457
"../../../TwoWorlds/Content/StarterContent/Textures/T_Brick_Clay_Beveled_N.uasset" 458
"../../../TwoWorlds/Content/StarterContent/Materials/M_Brick_Clay_Beveled.uasset" 459
"../../../TwoWorlds/Content/StarterContent/Textures/T_Brick_Clay_New_D.uasset" 460
"../../../TwoWorlds/Content/StarterContent/Textures/T_Brick_Clay_New_M.uasset" 461
"../../../TwoWorlds/Content/StarterContent/Textures/T_Brick_Clay_New_N.uasset" 462
"../../../TwoWorlds/Content/StarterContent/Materials/M_Brick_Clay_New.uasset" 463
"../../../TwoWorlds/Content/StarterContent/Textures/T_Brick_Clay_Old_D.uasset" 464
"../../../TwoWorlds/Content/StarterContent/Textures/T_Brick_Clay_Old_N.uasset" 465
"../../../TwoWorlds/Content/StarterContent/Textures/T_Perlin_Noise_M.uasset" 466
"../../../TwoWorlds/Content/StarterContent/Materials/M_Brick_Clay_Old.uasset" 467
"../../../TwoWorlds/Content/StarterContent/Textures/T_Brick_Cut_Stone_D.uasset" 468
"../../../TwoWorlds/Content/StarterContent/Textures/T_Brick_Cut_Stone_N.uasset" 469
"../../../TwoWorlds/Content/StarterContent/Materials/M_Brick_Cut_Stone.uasset" 470
"../../../TwoWorlds/Content/StarterContent/Textures/T_Brick_Hewn_Stone_D.uasset" 471
"../../../TwoWorlds/Content/StarterContent/Textures/T_Brick_Hewn_Stone_M.uasset" 472
"../../../TwoWorlds/Content/StarterContent/Textures/T_Brick_Hewn_Stone_N.uasset" 473
"../../../TwoWorlds/Content/StarterContent/Materials/M_Brick_Hewn_Stone.uasset" 474
"../../../TwoWorlds/Content/StarterContent/Textures/T_Ceramic_Tile_M.uasset" 475
"../../../TwoWorlds/Content/StarterContent/Textures/T_Ceramic_Tile_N.uasset" 476
"../../../TwoWorlds/Content/StarterContent/Textures/T_Rock_Marble_Polished_D.uasset" 477
"../../../TwoWorlds/Content/StarterContent/Materials/M_Ceramic_Tile_Checker.uasset" 478
"../../../TwoWorlds/Content/StarterContent/Textures/T_CobbleStone_Pebble_D.uasset" 479
"../../../TwoWorlds/Content/StarterContent/Textures/T_CobbleStone_Pebble_M.uasset" 480
"../../../TwoWorlds/Content/StarterContent/Textures/T_CobbleStone_Pebble_N.uasset" 481
"../../../TwoWorlds/Content/StarterContent/Materials/M_CobbleStone_Pebble.uasset" 482
"../../../TwoWorlds/Content/StarterContent/Textures/T_CobbleStone_Rough_D.uasset" 483
"../../../TwoWorlds/Content/StarterContent/Textures/T_CobbleStone_Rough_N.uasset" 484
"../../../TwoWorlds/Content/StarterContent/Textures/T_Gradinet_01.uasset" 485
"../../../TwoWorlds/Content/StarterContent/Textures/T_Rock_Smooth_Granite_D.uasset" 486
"../../../TwoWorlds/Content/StarterContent/Materials/M_CobbleStone_Rough.uasset" 487
"../../../TwoWorlds/Content/StarterContent/Textures/T_CobbleStone_Smooth_D.uasset" 488
"../../../TwoWorlds/Content/StarterContent/Textures/T_CobbleStone_Smooth_M.uasset" 489
"../../../TwoWorlds/Content/StarterContent/Textures/T_CobbleStone_Smooth_N.uasset" 490
"../../../TwoWorlds/Content/StarterContent/Materials/M_CobbleStone_Smooth.uasset" 491
"../../../TwoWorlds/Content/StarterContent/Textures/T_Concrete_Grime_D.uasset" 492
"../../../TwoWorlds/Content/StarterContent/Textures/T_Metal_Rust_N.uasset" 493
"../../../TwoWorlds/Content/StarterContent/Materials/M_Concrete_Grime.uasset" 494
"../../../TwoWorlds/Content/StarterContent/Textures/T_Concrete_Panels_D.uasset" 495
"../../../TwoWorlds/Content/StarterContent/Textures/T_Concrete_Panels_N.uasset" 496
"../../../TwoWorlds/Content/StarterContent/Materials/M_Concrete_Panels.uasset" 497
"../../../TwoWorlds/Content/StarterContent/Textures/T_Concrete_Poured_D.uasset" 498
"../../../TwoWorlds/Content/StarterContent/Textures/T_Concrete_Poured_N.uasset" 499
"../../../TwoWorlds/Content/StarterContent/Materials/M_Concrete_Poured.uasset" 500
"../../../TwoWorlds/Content/StarterContent/Textures/T_Concrete_Tiles_D.uasset" 501
"../../../TwoWorlds/Content/StarterContent/Textures/T_Concrete_Tiles_M.uasset" 502
"../../../TwoWorlds/Content/StarterContent/Textures/T_Concrete_Tiles_N.uasset" 503
"../../../TwoWorlds/Content/StarterContent/Textures/T_Concrete_Tiles_Variation_M.uasset" 504
"../../../TwoWorlds/Content/StarterContent/Materials/M_Concrete_Tiles.uasset" 505
"../../../TwoWorlds/Content/StarterContent/Textures/T_Ground_Grass_D.uasset" 506
"../../../TwoWorlds/Content/StarterContent/Textures/T_Ground_Grass_N.uasset" 507
"../../../TwoWorlds/Content/StarterContent/Materials/M_Ground_Grass.uasset" 508
"../../../TwoWorlds/Content/StarterContent/Textures/T_Ground_Gravel_D.uasset" 509
"../../../TwoWorlds/Content/StarterContent/Textures/T_Ground_Gravel_N.uasset" 510
"../../../TwoWorlds/Content/StarterContent/Materials/M_Ground_Gravel.uasset" 511
"../../../TwoWorlds/Content/StarterContent/Textures/T_ground_Moss_D.uasset" 512
"../../../TwoWorlds/Content/StarterContent/Textures/T_Ground_Moss_N.uasset" 513
"../../../TwoWorlds/Content/StarterContent/Materials/M_Ground_Moss.uasset" 514
"../../../TwoWorlds/Content/StarterContent/Materials/M_Metal_Chrome.uasset" 515
"../../../TwoWorlds/Content/StarterContent/Textures/T_Metal_Gold_D.uasset" 516
"../../../TwoWorlds/Content/StarterContent/Materials/M_Metal_Gold.uasset" 517
"../../../TwoWorlds/Content/StarterContent/Textures/T_Metal_Rust_D.uasset" 518
"../../../TwoWorlds/Content/StarterContent/Materials/M_Metal_Rust.uasset" 519
"../../../TwoWorlds/Content/StarterContent/Textures/T_Metal_Steel_D.uasset" 520
"../../../TwoWorlds/Content/StarterContent/Textures/T_Metal_Steel_N.uasset" 521
"../../../TwoWorlds/Content/StarterContent/Materials/M_Metal_Steel.uasset" 522
"../../../TwoWorlds/Content/StarterContent/Textures/T_Rock_Basalt_N.uasset" 523
"../../../TwoWorlds/Content/StarterContent/Materials/M_Rock_Basalt.uasset" 524
"../../../TwoWorlds/Content/StarterContent/Materials/M_Rock_Marble_Polished.uasset" 525
"../../../TwoWorlds/Content/StarterContent/Textures/T_Rock_Sandstone_D.uasset" 526
"../../../TwoWorlds/Content/StarterContent/Textures/T_Rock_Sandstone_N.uasset" 527
"../../../TwoWorlds/Content/StarterContent/Materials/M_Rock_Sandstone.uasset" 528
"../../../TwoWorlds/Content/StarterContent/Textures/T_Rock_Slate_D.uasset" 529
"../../../TwoWorlds/Content/StarterContent/Textures/T_Rock_Slate_N.uasset" 530
"../../../TwoWorlds/Content/StarterContent/Materials/M_Rock_Slate.uasset" 531
"../../../TwoWorlds/Content/StarterContent/Textures/T_Checker_Noise_M.uasset" 532
"../../../TwoWorlds/Content/StarterContent/Textures/T_Single_Tile_N.uasset" 533
"../../../TwoWorlds/Content/StarterContent/Textures/T_Tech_Dot_M.uasset" 534
"../../../TwoWorlds/Content/StarterContent/Textures/T_Tech_Dot_N.uasset" 535
"../../../TwoWorlds/Content/StarterContent/Materials/M_Tech_Checker_Dot.uasset" 536
"../../../TwoWorlds/Content/StarterContent/Textures/T_Tech_Hex_Tile_M.uasset" 537
"../../../TwoWorlds/Content/StarterContent/Textures/T_Tech_Hex_Tile_N.uasset" 538
"../../../TwoWorlds/Content/StarterContent/Materials/M_Tech_Hex_Tile.uasset" 539
"../../../TwoWorlds/Content/StarterContent/Materials/M_Tech_Hex_Tile_Pulse.uasset" 540
"../../../TwoWorlds/Content/StarterContent/Textures/T_Tech_Panel_M.uasset" 541
"../../../TwoWorlds/Content/StarterContent/Textures/T_Tech_Panel_N.uasset" 542
"../../../TwoWorlds/Content/StarterContent/Materials/M_Tech_Panel.uasset" 543
"../../../TwoWorlds/Content/StarterContent/Materials/M_Water_Lake.uasset" 544
"../../../TwoWorlds/Content/StarterContent/Textures/T_Water_M.uasset" 545
"../../../TwoWorlds/Content/StarterContent/Materials/M_Water_Ocean.uasset" 546
"../../../TwoWorlds/Content/StarterContent/Textures/T_Wood_Floor_Walnut_D.uasset" 547
"../../../TwoWorlds/Content/StarterContent/Textures/T_Wood_Floor_Walnut_M.uasset" 548
"../../../TwoWorlds/Content/StarterContent/Textures/T_Wood_Floor_Walnut_N.uasset" 549
"../../../TwoWorlds/Content/StarterContent/Materials/M_Wood_Floor_Walnut_Polished.uasset" 550
"../../../Engine/Content/Functions/Engine_MaterialFunctions01/Opacity/AlphaOffset.uasset" 551
"../../../TwoWorlds/Content/StarterContent/Materials/M_Wood_Floor_Walnut_Worn.uasset" 552
"../../../TwoWorlds/Content/StarterContent/Textures/T_Wood_Oak_D.uasset" 553
"../../../TwoWorlds/Content/StarterContent/Textures/T_Wood_Oak_N.uasset" 554
"../../../TwoWorlds/Content/StarterContent/Materials/M_Wood_Oak.uasset" 555
"../../../TwoWorlds/Content/StarterContent/Textures/T_Wood_Pine_D.uasset" 556
"../../../TwoWorlds/Content/StarterContent/Textures/T_Wood_Pine_N.uasset" 557
"../../../TwoWorlds/Content/StarterContent/Materials/M_Wood_Pine.uasset" 558
"../../../TwoWorlds/Content/StarterContent/Textures/T_Wood_Walnut_D.uasset" 559
"../../../TwoWorlds/Content/StarterContent/Textures/T_Wood_Walnut_N.uasset" 560
"../../../TwoWorlds/Content/StarterContent/Materials/M_Wood_Walnut.uasset" 561
"../../../TwoWorlds/Content/StarterContent/Architecture/Wall_400x200.uasset" 562
"../../../TwoWorlds/Content/StarterContent/Architecture/Wall_Door_400x300.uasset" 563
"../../../TwoWorlds/Content/StarterContent/Architecture/Wall_Window_400x300.uasset" 564
"../../../TwoWorlds/Content/StarterContent/Audio/Collapse_Cue.uasset" 565
"../../../TwoWorlds/Content/StarterContent/Audio/Starter_Music_Cue.uasset" 566
"../../../TwoWorlds/Content/StarterContent/Textures/T_Dust_Particle_D.uasset" 567
"../../../TwoWorlds/Content/StarterContent/Particles/Materials/M_Dust_Particle.uasset" 568
"../../../TwoWorlds/Content/StarterContent/Particles/P_Ambient_Dust.uasset" 569
"../../../TwoWorlds/Content/StarterContent/Props/MaterialSphere.uasset" 570
"../../../TwoWorlds/Content/StarterContent/Textures/T_Frame_M.uasset" 571
"../../../TwoWorlds/Content/StarterContent/Textures/T_Frame_N.uasset" 572
"../../../TwoWorlds/Content/StarterContent/Props/Materials/M_Frame.uasset" 573
"../../../TwoWorlds/Content/StarterContent/Props/SM_CornerFrame.uasset" 574
"../../../TwoWorlds/Content/StarterContent/Props/SM_DoorFrame.uasset" 575
"../../../TwoWorlds/Content/StarterContent/Props/SM_GlassWindow.uasset" 576
"../../../TwoWorlds/Content/StarterContent/Props/SM_PillarFrame.uasset" 577
"../../../TwoWorlds/Content/StarterContent/Props/SM_PillarFrame300.uasset" 578
"../../../TwoWorlds/Content/StarterContent/Props/SM_WindowFrame.uasset" 579
"../../../TwoWorlds/Content/StarterContent/Shapes/Shape_Cube.uasset" 580
"../../../TwoWorlds/Content/StarterContent/Shapes/Shape_QuadPyramid.uasset" 581
"../../../TwoWorlds/Content/StarterContent/Shapes/Shape_Sphere.uasset" 582
"../../../TwoWorlds/Content/StarterContent/Maps/StarterMap.umap" 583
